14:15:20.428 [main] INFO  org.testng.internal.Utils - [TestNG] Running:
  C:\Users\sragv\workspace2\OpenCart123\test-output\testng-failed.xml

14:15:26.905 [main] INFO  testCases.TC002_Logintest - *****************String TC002Logintest**************
14:15:27.676 [main] INFO  testCases.TC002_Logintest - ******************Clicked Login button*************
14:15:27.681 [main] INFO  testCases.TC002_Logintest - *********************Going to login my Account**************
14:15:28.855 [main] INFO  testCases.TC002_Logintest - ******************Clicking login button****************
14:15:28.901 [main] INFO  testCases.TC002_Logintest - ************I logined my Account**********
14:16:36.862 [main] INFO  org.testng.internal.Utils - [TestNG] Running:
  C:\Users\sragv\workspace2\OpenCart123\test-output\testng-failed.xml

14:16:41.916 [main] INFO  testCases.TC002_Logintest - *****************String TC002Logintest**************
14:18:13.885 [main] INFO  org.testng.internal.Utils - [TestNG] Running:
  C:\Users\sragv\workspace2\OpenCart123\test-output\testng-failed.xml

14:18:20.254 [main] INFO  testCases.TC002_Logintest - *****************String TC002Logintest**************
14:18:20.785 [main] INFO  testCases.TC002_Logintest - ******************Clicked Login button*************
14:18:20.788 [main] INFO  testCases.TC002_Logintest - *********************Going to login my Account**************
14:18:21.904 [main] INFO  testCases.TC002_Logintest - ******************Clicking login button****************
14:18:21.942 [main] INFO  testCases.TC002_Logintest - ************I logined my Account**********
14:20:41.298 [main] INFO  org.testng.internal.Utils - [TestNG] Running:
  C:\Users\sragv\workspace2\OpenCart123\grouping.xml

14:20:45.683 [main] INFO  testCases.TC002_Logintest - *****************String TC002Logintest**************
14:20:46.202 [main] INFO  testCases.TC002_Logintest - ******************Clicked Login button*************
14:20:46.204 [main] INFO  testCases.TC002_Logintest - *********************Going to login my Account**************
14:20:47.306 [main] INFO  testCases.TC002_Logintest - ******************Clicking login button****************
14:20:47.357 [main] INFO  testCases.TC002_Logintest - ************I logined my Account**********
14:20:52.757 [main] INFO  testCases.TC001_AccountRegistrationTest - ***************Strting TC001 _AccountRegistrationTest****************
14:20:53.893 [main] INFO  testCases.TC001_AccountRegistrationTest - ***************Clicked on MyAccount Link****************
14:20:53.901 [main] INFO  testCases.TC001_AccountRegistrationTest - ***************Providing customer details****************
14:20:55.699 [main] INFO  testCases.TC001_AccountRegistrationTest - ***************Validation Message****************
14:20:55.732 [main] INFO  testCases.TC001_AccountRegistrationTest - **********************Finished TC001_AccountRegistrationTest*******************
14:23:05.972 [main] INFO  org.testng.internal.Utils - [TestNG] Running:
  C:\Users\sragv\workspace2\OpenCart123\grouping.xml

14:23:10.356 [main] INFO  testCases.TC002_Logintest - *****************String TC002Logintest**************
14:23:10.985 [main] INFO  testCases.TC002_Logintest - ******************Clicked Login button*************
14:23:10.987 [main] INFO  testCases.TC002_Logintest - *********************Going to login my Account**************
14:23:12.373 [main] INFO  testCases.TC002_Logintest - ******************Clicking login button****************
14:23:12.416 [main] INFO  testCases.TC002_Logintest - ************I logined my Account**********
14:23:16.247 [main] INFO  testCases.TC001_AccountRegistrationTest - ***************Strting TC001 _AccountRegistrationTest****************
14:23:17.105 [main] INFO  testCases.TC001_AccountRegistrationTest - ***************Clicked on MyAccount Link****************
14:23:17.109 [main] INFO  testCases.TC001_AccountRegistrationTest - ***************Providing customer details****************
14:23:19.441 [main] INFO  testCases.TC001_AccountRegistrationTest - ***************Validation Message****************
14:23:19.483 [main] INFO  testCases.TC001_AccountRegistrationTest - **********************Finished TC001_AccountRegistrationTest*******************
20:46:24.518 [main] INFO  org.testng.internal.Utils - [TestNG] Running:
  C:\Users\sragv\workspace2\OpenCart123\grouping.xml

20:46:30.744 [main] INFO  testCases.TC002_Logintest - *****************String TC002Logintest**************
20:46:31.347 [main] INFO  testCases.TC002_Logintest - ******************Clicked Login button*************
20:46:31.351 [main] INFO  testCases.TC002_Logintest - *********************Going to login my Account**************
20:46:32.593 [main] INFO  testCases.TC002_Logintest - ******************Clicking login button****************
20:46:32.765 [main] INFO  testCases.TC002_Logintest - ************I logined my Account**********
20:46:36.813 [main] INFO  testCases.TC001_AccountRegistrationTest - ***************Strting TC001 _AccountRegistrationTest****************
20:46:37.775 [main] INFO  testCases.TC001_AccountRegistrationTest - ***************Clicked on MyAccount Link****************
20:46:37.782 [main] INFO  testCases.TC001_AccountRegistrationTest - ***************Providing customer details****************
20:46:39.904 [main] INFO  testCases.TC001_AccountRegistrationTest - ***************Validation Message****************
20:46:39.978 [main] INFO  testCases.TC001_AccountRegistrationTest - **********************Finished TC001_AccountRegistrationTest*******************
20:48:59.392 [main] INFO  org.testng.internal.Utils - [TestNG] Running:
  C:\Users\sragv\workspace2\OpenCart123\grouping.xml

20:49:05.644 [main] INFO  testCases.TC002_Logintest - *****************String TC002Logintest**************
20:49:06.822 [main] INFO  testCases.TC002_Logintest - ******************Clicked Login button*************
20:49:06.825 [main] INFO  testCases.TC002_Logintest - *********************Going to login my Account**************
20:49:08.294 [main] INFO  testCases.TC002_Logintest - ******************Clicking login button****************
20:49:08.405 [main] INFO  testCases.TC002_Logintest - ************I logined my Account**********
20:49:13.320 [main] INFO  testCases.TC001_AccountRegistrationTest - ***************Strting TC001 _AccountRegistrationTest****************
20:49:14.498 [main] INFO  testCases.TC001_AccountRegistrationTest - ***************Clicked on MyAccount Link****************
20:49:14.507 [main] INFO  testCases.TC001_AccountRegistrationTest - ***************Providing customer details****************
20:49:16.324 [main] INFO  testCases.TC001_AccountRegistrationTest - ***************Validation Message****************
20:49:16.372 [main] INFO  testCases.TC001_AccountRegistrationTest - **********************Finished TC001_AccountRegistrationTest*******************
20:52:59.243 [main] INFO  org.testng.internal.Utils - [TestNG] Running:
  C:\Users\sragv\workspace2\OpenCart123\grouping.xml

20:53:05.889 [main] INFO  testCases.TC002_Logintest - *****************String TC002Logintest**************
20:53:06.615 [main] INFO  testCases.TC002_Logintest - ******************Clicked Login button*************
20:53:06.619 [main] INFO  testCases.TC002_Logintest - *********************Going to login my Account**************
20:53:08.238 [main] INFO  testCases.TC002_Logintest - ******************Clicking login button****************
20:53:08.296 [main] INFO  testCases.TC002_Logintest - ************I logined my Account**********
20:53:31.189 [main] INFO  testCases.TC001_AccountRegistrationTest - ***************Strting TC001 _AccountRegistrationTest****************
20:53:32.407 [main] INFO  testCases.TC001_AccountRegistrationTest - ***************Clicked on MyAccount Link****************
20:53:32.414 [main] INFO  testCases.TC001_AccountRegistrationTest - ***************Providing customer details****************
20:53:34.189 [main] INFO  testCases.TC001_AccountRegistrationTest - ***************Validation Message****************
20:53:34.250 [main] INFO  testCases.TC001_AccountRegistrationTest - **********************Finished TC001_AccountRegistrationTest*******************
20:54:39.708 [main] INFO  org.testng.internal.Utils - [TestNG] Running:
  C:\Users\sragv\workspace2\OpenCart123\grouping.xml

20:54:44.346 [main] INFO  testCases.TC002_Logintest - *****************String TC002Logintest**************
20:54:44.967 [main] INFO  testCases.TC002_Logintest - ******************Clicked Login button*************
20:54:44.971 [main] INFO  testCases.TC002_Logintest - *********************Going to login my Account**************
20:54:46.022 [main] INFO  testCases.TC002_Logintest - ******************Clicking login button****************
20:54:46.064 [main] INFO  testCases.TC002_Logintest - ************I logined my Account**********
20:54:52.947 [main] INFO  testCases.TC001_AccountRegistrationTest - ***************Strting TC001 _AccountRegistrationTest****************
20:54:53.738 [main] INFO  testCases.TC001_AccountRegistrationTest - ***************Clicked on MyAccount Link****************
20:54:53.745 [main] INFO  testCases.TC001_AccountRegistrationTest - ***************Providing customer details****************
20:54:55.149 [main] INFO  testCases.TC001_AccountRegistrationTest - ***************Validation Message****************
20:54:55.201 [main] INFO  testCases.TC001_AccountRegistrationTest - **********************Finished TC001_AccountRegistrationTest*******************
21:37:35.848 [main] INFO  org.testng.internal.Utils - [TestNG] Running:
  C:\Users\sragv\workspace2\OpenCart123\masterTesting.xml

21:38:53.038 [main] INFO  org.testng.internal.Utils - [TestNG] Running:
  C:\Users\sragv\workspace2\OpenCart123\masterTesting.xml

21:41:57.915 [main] INFO  org.testng.internal.Utils - [TestNG] Running:
  C:\Users\sragv\workspace2\OpenCart123\masterTesting.xml

21:46:04.455 [main] INFO  org.testng.internal.Utils - [TestNG] Running:
  C:\Users\sragv\workspace2\OpenCart123\masterTesting.xml

21:46:57.165 [main] INFO  org.testng.internal.Utils - [TestNG] Running:
  C:\Users\sragv\workspace2\OpenCart123\masterTesting.xml

23:29:48.500 [main] INFO  org.testng.internal.Utils - [TestNG] Running:
  C:\Users\sragv\workspace2\OpenCart123\masterTesting.xml

