20:38:54.803 [main] INFO  org.testng.internal.Utils - [TestNG] Running:
  C:\Users\sragv\workspace2\OpenCart123\grouping.xml

20:46:48.578 [main] INFO  org.testng.internal.Utils - [TestNG] Running:
  C:\Users\sragv\workspace2\OpenCart123\grouping.xml

21:37:34.057 [main] INFO  org.testng.internal.Utils - [TestNG] Running:
  C:\Users\sragv\workspace2\OpenCart123\grouping.xml

21:37:40.591 [main] INFO  testCases.TC002_Logintest - *****************String TC002Logintest**************
21:37:41.214 [main] INFO  testCases.TC002_Logintest - ******************Clicked Login button*************
21:37:41.216 [main] INFO  testCases.TC002_Logintest - *********************Going to login my Account**************
21:37:42.376 [main] INFO  testCases.TC002_Logintest - ******************Clicking login button****************
21:37:42.432 [main] INFO  testCases.TC002_Logintest - ************I logined my Account**********
21:37:47.269 [main] INFO  testCases.TC001_AccountRegistrationTest - ***************Strting TC001 _AccountRegistrationTest****************
21:37:48.204 [main] INFO  testCases.TC001_AccountRegistrationTest - ***************Clicked on MyAccount Link****************
21:37:48.210 [main] INFO  testCases.TC001_AccountRegistrationTest - ***************Providing customer details****************
21:37:49.852 [main] INFO  testCases.TC001_AccountRegistrationTest - ***************Validation Message****************
21:37:49.892 [main] INFO  testCases.TC001_AccountRegistrationTest - **********************Finished TC001_AccountRegistrationTest*******************
21:56:09.467 [main] INFO  org.testng.internal.Utils - [TestNG] Running:
  C:\Users\sragv\workspace2\OpenCart123\grouping.xml

21:56:15.008 [main] INFO  testCases.TC002_Logintest - *****************String TC002Logintest**************
21:56:15.569 [main] INFO  testCases.TC002_Logintest - ******************Clicked Login button*************
21:56:15.571 [main] INFO  testCases.TC002_Logintest - *********************Going to login my Account**************
21:56:16.459 [main] INFO  testCases.TC002_Logintest - ******************Clicking login button****************
21:56:37.538 [main] INFO  testCases.TC001_AccountRegistrationTest - ***************Strting TC001 _AccountRegistrationTest****************
21:56:48.414 [main] INFO  testCases.TC001_AccountRegistrationTest - ***************Clicked on MyAccount Link****************
21:56:48.417 [main] INFO  testCases.TC001_AccountRegistrationTest - ***************Providing customer details****************
21:56:50.282 [main] INFO  testCases.TC001_AccountRegistrationTest - ***************Validation Message****************
21:56:50.335 [main] INFO  testCases.TC001_AccountRegistrationTest - **********************Finished TC001_AccountRegistrationTest*******************
22:03:47.177 [main] INFO  org.testng.internal.Utils - [TestNG] Running:
  C:\Users\sragv\workspace2\OpenCart123\grouping.xml

22:03:53.758 [main] INFO  testCases.TC002_Logintest - *****************String TC002Logintest**************
22:03:54.594 [main] INFO  testCases.TC002_Logintest - ******************Clicked Login button*************
22:03:54.596 [main] INFO  testCases.TC002_Logintest - *********************Going to login my Account**************
22:03:55.671 [main] INFO  testCases.TC002_Logintest - ******************Clicking login button****************
22:04:15.167 [main] INFO  testCases.TC001_AccountRegistrationTest - ***************Strting TC001 _AccountRegistrationTest****************
22:04:16.265 [main] INFO  testCases.TC001_AccountRegistrationTest - ***************Clicked on MyAccount Link****************
22:04:16.269 [main] INFO  testCases.TC001_AccountRegistrationTest - ***************Providing customer details****************
22:04:17.985 [main] INFO  testCases.TC001_AccountRegistrationTest - ***************Validation Message****************
22:04:18.022 [main] INFO  testCases.TC001_AccountRegistrationTest - **********************Finished TC001_AccountRegistrationTest*******************
22:05:54.757 [main] INFO  org.testng.internal.Utils - [TestNG] Running:
  C:\Users\sragv\workspace2\OpenCart123\grouping.xml

22:06:02.024 [main] INFO  testCases.TC002_Logintest - *****************String TC002Logintest**************
22:06:02.918 [main] INFO  testCases.TC002_Logintest - ******************Clicked Login button*************
22:06:02.920 [main] INFO  testCases.TC002_Logintest - *********************Going to login my Account**************
22:06:03.818 [main] INFO  testCases.TC002_Logintest - ******************Clicking login button****************
22:06:20.272 [main] INFO  testCases.TC001_AccountRegistrationTest - ***************Strting TC001 _AccountRegistrationTest****************
22:06:21.421 [main] INFO  testCases.TC001_AccountRegistrationTest - ***************Clicked on MyAccount Link****************
22:06:21.429 [main] INFO  testCases.TC001_AccountRegistrationTest - ***************Providing customer details****************
22:06:23.053 [main] INFO  testCases.TC001_AccountRegistrationTest - ***************Validation Message****************
22:06:23.102 [main] INFO  testCases.TC001_AccountRegistrationTest - **********************Finished TC001_AccountRegistrationTest*******************
22:13:17.322 [main] INFO  org.testng.internal.Utils - [TestNG] Running:
  C:\Users\sragv\workspace2\OpenCart123\grouping.xml

22:13:22.120 [main] INFO  testCases.TC002_Logintest - *****************String TC002Logintest**************
22:13:22.746 [main] INFO  testCases.TC002_Logintest - ******************Clicked Login button*************
22:13:22.748 [main] INFO  testCases.TC002_Logintest - *********************Going to login my Account**************
22:13:23.588 [main] INFO  testCases.TC002_Logintest - ******************Clicking login button****************
22:13:37.949 [main] INFO  testCases.TC001_AccountRegistrationTest - ***************Strting TC001 _AccountRegistrationTest****************
22:13:38.914 [main] INFO  testCases.TC001_AccountRegistrationTest - ***************Clicked on MyAccount Link****************
22:13:38.918 [main] INFO  testCases.TC001_AccountRegistrationTest - ***************Providing customer details****************
22:13:40.768 [main] INFO  testCases.TC001_AccountRegistrationTest - ***************Validation Message****************
22:13:40.848 [main] INFO  testCases.TC001_AccountRegistrationTest - **********************Finished TC001_AccountRegistrationTest*******************
22:24:42.510 [main] INFO  org.testng.internal.Utils - [TestNG] Running:
  C:\Users\sragv\workspace2\OpenCart123\grouping.xml

22:24:47.434 [main] INFO  testCases.TC002_Logintest - *****************String TC002Logintest**************
22:24:48.123 [main] INFO  testCases.TC002_Logintest - ******************Clicked Login button*************
22:24:48.130 [main] INFO  testCases.TC002_Logintest - *********************Going to login my Account**************
22:24:48.904 [main] INFO  testCases.TC002_Logintest - ******************Clicking login button****************
22:25:21.718 [main] INFO  testCases.TC001_AccountRegistrationTest - ***************Strting TC001 _AccountRegistrationTest****************
22:25:28.881 [main] INFO  testCases.TC001_AccountRegistrationTest - ***************Clicked on MyAccount Link****************
22:25:28.886 [main] INFO  testCases.TC001_AccountRegistrationTest - ***************Providing customer details****************
22:25:31.277 [main] INFO  testCases.TC001_AccountRegistrationTest - ***************Validation Message****************
22:25:31.318 [main] INFO  testCases.TC001_AccountRegistrationTest - **********************Finished TC001_AccountRegistrationTest*******************
22:41:18.259 [main] INFO  org.testng.internal.Utils - [TestNG] Running:
  C:\Users\sragv\workspace2\OpenCart123\grouping.xml

22:42:04.223 [main] INFO  testCases.TC002_Logintest - *****************String TC002Logintest**************
22:42:04.878 [main] INFO  testCases.TC002_Logintest - ******************Clicked Login button*************
22:42:04.881 [main] INFO  testCases.TC002_Logintest - *********************Going to login my Account**************
22:42:05.644 [main] INFO  testCases.TC002_Logintest - ******************Clicking login button****************
22:42:19.799 [main] INFO  testCases.TC001_AccountRegistrationTest - ***************Strting TC001 _AccountRegistrationTest****************
22:42:20.863 [main] INFO  testCases.TC001_AccountRegistrationTest - ***************Clicked on MyAccount Link****************
22:42:20.867 [main] INFO  testCases.TC001_AccountRegistrationTest - ***************Providing customer details****************
22:42:22.612 [main] INFO  testCases.TC001_AccountRegistrationTest - ***************Validation Message****************
22:42:22.664 [main] INFO  testCases.TC001_AccountRegistrationTest - **********************Finished TC001_AccountRegistrationTest*******************
22:45:52.897 [main] INFO  org.testng.internal.Utils - [TestNG] Running:
  C:\Users\sragv\workspace2\OpenCart123\grouping.xml

22:45:58.717 [main] INFO  testCases.TC002_Logintest - *****************String TC002Logintest**************
22:45:59.825 [main] INFO  testCases.TC002_Logintest - ******************Clicked Login button*************
22:45:59.827 [main] INFO  testCases.TC002_Logintest - *********************Going to login my Account**************
22:46:01.278 [main] INFO  testCases.TC002_Logintest - ******************Clicking login button****************
22:46:25.262 [main] INFO  testCases.TC001_AccountRegistrationTest - ***************Strting TC001 _AccountRegistrationTest****************
22:46:29.289 [main] INFO  testCases.TC001_AccountRegistrationTest - ***************Clicked on MyAccount Link****************
22:46:29.306 [main] INFO  testCases.TC001_AccountRegistrationTest - ***************Providing customer details****************
22:46:31.753 [main] INFO  testCases.TC001_AccountRegistrationTest - ***************Validation Message****************
22:46:31.796 [main] INFO  testCases.TC001_AccountRegistrationTest - **********************Finished TC001_AccountRegistrationTest*******************
22:47:40.613 [main] INFO  org.testng.internal.Utils - [TestNG] Running:
  C:\Users\sragv\workspace2\OpenCart123\grouping.xml

22:47:48.320 [main] INFO  testCases.TC002_Logintest - *****************String TC002Logintest**************
22:47:49.035 [main] INFO  testCases.TC002_Logintest - ******************Clicked Login button*************
22:47:49.038 [main] INFO  testCases.TC002_Logintest - *********************Going to login my Account**************
22:47:50.028 [main] INFO  testCases.TC002_Logintest - ******************Clicking login button****************
22:48:51.172 [main] INFO  testCases.TC001_AccountRegistrationTest - ***************Strting TC001 _AccountRegistrationTest****************
22:48:52.618 [main] INFO  testCases.TC001_AccountRegistrationTest - ***************Clicked on MyAccount Link****************
22:48:52.631 [main] INFO  testCases.TC001_AccountRegistrationTest - ***************Providing customer details****************
22:48:54.513 [main] INFO  testCases.TC001_AccountRegistrationTest - ***************Validation Message****************
22:48:54.562 [main] INFO  testCases.TC001_AccountRegistrationTest - **********************Finished TC001_AccountRegistrationTest*******************
22:56:44.297 [main] INFO  org.testng.internal.Utils - [TestNG] Running:
  C:\Users\sragv\workspace2\OpenCart123\test-output\testng-failed.xml

22:56:51.521 [main] INFO  testCases.TC002_Logintest - *****************String TC002Logintest**************
22:56:52.349 [main] INFO  testCases.TC002_Logintest - ******************Clicked Login button*************
22:56:52.351 [main] INFO  testCases.TC002_Logintest - *********************Going to login my Account**************
22:56:53.233 [main] INFO  testCases.TC002_Logintest - ******************Clicking login button****************
22:59:49.499 [main] INFO  org.testng.internal.Utils - [TestNG] Running:
  C:\Users\sragv\workspace2\OpenCart123\test-output\testng-failed.xml

22:59:55.563 [main] INFO  testCases.TC002_Logintest - *****************String TC002Logintest**************
22:59:56.155 [main] INFO  testCases.TC002_Logintest - ******************Clicked Login button*************
22:59:56.158 [main] INFO  testCases.TC002_Logintest - *********************Going to login my Account**************
22:59:57.501 [main] INFO  testCases.TC002_Logintest - ******************Clicking login button****************
23:04:03.599 [main] INFO  org.testng.internal.Utils - [TestNG] Running:
  C:\Users\sragv\workspace2\OpenCart123\test-output\testng-failed.xml

23:04:09.505 [main] INFO  testCases.TC002_Logintest - *****************String TC002Logintest**************
23:04:10.662 [main] INFO  testCases.TC002_Logintest - ******************Clicked Login button*************
23:04:10.665 [main] INFO  testCases.TC002_Logintest - *********************Going to login my Account**************
23:04:11.712 [main] INFO  testCases.TC002_Logintest - ******************Clicking login button****************
23:09:33.177 [main] INFO  org.testng.internal.Utils - [TestNG] Running:
  C:\Users\sragv\workspace2\OpenCart123\test-output\testng-failed.xml

23:09:38.301 [main] INFO  testCases.TC002_Logintest - *****************String TC002Logintest**************
23:09:38.861 [main] INFO  testCases.TC002_Logintest - ******************Clicked Login button*************
23:09:38.864 [main] INFO  testCases.TC002_Logintest - *********************Going to login my Account**************
23:09:39.581 [main] INFO  testCases.TC002_Logintest - ******************Clicking login button****************
